#
# There is insufficient memory for the Java Runtime Environment to continue.
# Native memory allocation (mmap) failed to map 132120576 bytes for Failed to commit area from 0x0000000082200000 to 0x000000008a000000 of length 132120576.
# Possible reasons:
#   The system is out of physical RAM or swap space
#   The process is running with CompressedOops enabled, and the Java Heap may be blocking the growth of the native heap
# Possible solutions:
#   Reduce memory load on the system
#   Increase physical memory or swap space
#   Check if swap backing store is full
#   Decrease Java heap size (-Xmx/-Xms)
#   Decrease number of Java threads
#   Decrease Java thread stack sizes (-Xss)
#   Set larger code cache with -XX:ReservedCodeCacheSize=
# This output file may be truncated or incomplete.
#
#  Out of Memory Error (t:/workspace/open/src/hotspot/os/windows/os_windows.cpp:3264), pid=30284, tid=23200
#
# JRE version:  (12.0.2+10) (build )
# Java VM: Java HotSpot(TM) 64-Bit Server VM (12.0.2+10, mixed mode, aot, sharing, tiered, compressed oops, g1 gc, windows-amd64)
# No core dump will be written. Minidumps are not enabled by default on client versions of Windows
#

---------------  S U M M A R Y ------------

Command Line: -Dfile.encoding=MS949 BorderTest

Host: Intel(R) Core(TM) i5-6200U CPU @ 2.30GHz, 4 cores, 7G,  Windows 10 , 64 bit Build 18362 (10.0.18362.329)
Time: Mon Nov 25 11:47:12 2019 ¢¥eCN©öI¡¾©ö C¡ÍA¨ª¨öA elapsed time: 0 seconds (0d 0h 0m 0s)

---------------  T H R E A D  ---------------

Current thread (0x000001ecad237000):  JavaThread "Unknown thread" [_thread_in_vm, id=23200, stack(0x000000a2b6d00000,0x000000a2b6e00000)]

Stack: [0x000000a2b6d00000,0x000000a2b6e00000]
Native frames: (J=compiled Java code, j=interpreted, Vv=VM code, C=native code)
V  [jvm.dll+0x63aa2a]
V  [jvm.dll+0x78ce1e]
V  [jvm.dll+0x78e4c1]
V  [jvm.dll+0x78eb13]
V  [jvm.dll+0x2627e8]
V  [jvm.dll+0x637f5a]
V  [jvm.dll+0x62c845]
V  [jvm.dll+0x31e49c]
V  [jvm.dll+0x31e2cf]
V  [jvm.dll+0x324006]
V  [jvm.dll+0x371f56]
V  [jvm.dll+0x371720]
V  [jvm.dll+0x2f845a]
V  [jvm.dll+0x2f96d2]
V  [jvm.dll+0x767267]
V  [jvm.dll+0x7689f5]
V  [jvm.dll+0x380059]
V  [jvm.dll+0x74b794]
V  [jvm.dll+0x3ef5cd]
V  [jvm.dll+0x3f1471]
C  [jli.dll+0x51cf]
C  [ucrtbase.dll+0x20e72]
C  [KERNEL32.DLL+0x17bd4]
C  [ntdll.dll+0x6ced1]


---------------  P R O C E S S  ---------------

Threads class SMR info:
_java_thread_list=0x00007ffd18e77928, length=0, elements={
}

Java Threads: ( => current thread )

Other Threads:
  0x000001ecad275800 GCTaskThread "GC Thread#0" [stack: 0x000000a2b6e00000,0x000000a2b6f00000] [id=2800]
  0x000001ecad284000 ConcurrentGCThread "G1 Main Marker" [stack: 0x000000a2b6f00000,0x000000a2b7000000] [id=11912]
  0x000001ecad289800 ConcurrentGCThread "G1 Conc#0" [stack: 0x000000a2b7000000,0x000000a2b7100000] [id=18464]

[error occurred during error reporting (printing all threads), id 0xc0000005, EXCEPTION_ACCESS_VIOLATION (0xc0000005) at pc=0x00007ffd186a85e7]

VM state:not at safepoint (not fully initialized)

VM Mutex/Monitor currently owned by a thread:  ([mutex/lock_event])
[0x000001ecad233bc0] Heap_lock - owner thread: 0x000001ecad237000

Heap address: 0x0000000082200000, size: 2014 MB, Compressed Oops mode: Non-zero based: 0x0000000082200000
Narrow klass base: 0x0000000000000000, Narrow klass shift: 0

GC Heap History (0 events):
No events

Deoptimization events (0 events):
No events

Classes redefined (0 events):
No events

Internal exceptions (0 events):
No events

Events (0 events):
No events


Dynamic libraries:
0x00007ff75d110000 - 0x00007ff75d11f000 	C:\Program Files\Java\jdk-12.0.2\bin\javaw.exe
0x00007ffd54fe0000 - 0x00007ffd551d0000 	C:\WINDOWS\SYSTEM32\ntdll.dll
0x00007ffd53090000 - 0x00007ffd53142000 	C:\WINDOWS\System32\KERNEL32.DLL
0x00007ffd52630000 - 0x00007ffd528d3000 	C:\WINDOWS\System32\KERNELBASE.dll
0x00007ffd52370000 - 0x00007ffd5246a000 	C:\WINDOWS\System32\ucrtbase.dll
0x00007ffd4caa0000 - 0x00007ffd4cab6000 	C:\Program Files\Java\jdk-12.0.2\bin\VCRUNTIME140.dll
0x00007ffd4cbf0000 - 0x00007ffd4cc08000 	C:\Program Files\Java\jdk-12.0.2\bin\jli.dll
0x00007ffd53da0000 - 0x00007ffd53e43000 	C:\WINDOWS\System32\ADVAPI32.dll
0x00007ffd53bc0000 - 0x00007ffd53c5e000 	C:\WINDOWS\System32\msvcrt.dll
0x00007ffd53460000 - 0x00007ffd534f7000 	C:\WINDOWS\System32\sechost.dll
0x00007ffd54d30000 - 0x00007ffd54e50000 	C:\WINDOWS\System32\RPCRT4.dll
0x00007ffd53ff0000 - 0x00007ffd54184000 	C:\WINDOWS\System32\USER32.dll
0x00007ffd52020000 - 0x00007ffd52041000 	C:\WINDOWS\System32\win32u.dll
0x00007ffd46600000 - 0x00007ffd46885000 	C:\WINDOWS\WinSxS\amd64_microsoft.windows.common-controls_6595b64144ccf1df_6.0.18362.476_none_e6c4b11b130f2595\COMCTL32.dll
0x00007ffd549f0000 - 0x00007ffd54d26000 	C:\WINDOWS\System32\combase.dll
0x00007ffd54960000 - 0x00007ffd54986000 	C:\WINDOWS\System32\GDI32.dll
0x00007ffd522f0000 - 0x00007ffd52370000 	C:\WINDOWS\System32\bcryptPrimitives.dll
0x00007ffd52490000 - 0x00007ffd52624000 	C:\WINDOWS\System32\gdi32full.dll
0x00007ffd52050000 - 0x00007ffd520ee000 	C:\WINDOWS\System32\msvcp_win.dll
0x00007ffd47bd0000 - 0x00007ffd47bda000 	C:\WINDOWS\SYSTEM32\VERSION.dll
0x00007ffd53f40000 - 0x00007ffd53f6e000 	C:\WINDOWS\System32\IMM32.DLL
0x00007ffd38f10000 - 0x00007ffd38fba000 	C:\Program Files\Java\jdk-12.0.2\bin\msvcp140.dll
0x00007ffd183a0000 - 0x00007ffd18f17000 	C:\Program Files\Java\jdk-12.0.2\bin\server\jvm.dll
0x00007ffd53b40000 - 0x00007ffd53b48000 	C:\WINDOWS\System32\PSAPI.DLL
0x00007ffd35c50000 - 0x00007ffd35c59000 	C:\WINDOWS\SYSTEM32\WSOCK32.dll
0x00007ffd53b50000 - 0x00007ffd53bbf000 	C:\WINDOWS\System32\WS2_32.dll
0x00007ffd4eb70000 - 0x00007ffd4eb94000 	C:\WINDOWS\SYSTEM32\WINMM.dll
0x00007ffd4eb40000 - 0x00007ffd4eb6d000 	C:\WINDOWS\SYSTEM32\WINMMBASE.dll
0x00007ffd51f70000 - 0x00007ffd51fba000 	C:\WINDOWS\System32\cfgmgr32.dll
0x00007ffd51ee0000 - 0x00007ffd51ef1000 	C:\WINDOWS\System32\kernel.appcore.dll
0x00007ffd34f10000 - 0x00007ffd34f21000 	C:\Program Files\Java\jdk-12.0.2\bin\verify.dll
0x00007ffd3a290000 - 0x00007ffd3a484000 	C:\WINDOWS\SYSTEM32\DBGHELP.DLL
0x00007ffd3a0a0000 - 0x00007ffd3a0ca000 	C:\WINDOWS\SYSTEM32\dbgcore.DLL
0x00007ffd1a8a0000 - 0x00007ffd1a8c6000 	C:\Program Files\Java\jdk-12.0.2\bin\java.dll
0x00007ffd34840000 - 0x00007ffd34857000 	C:\Program Files\Java\jdk-12.0.2\bin\zip.dll
0x00007ffd35b20000 - 0x00007ffd35b2a000 	C:\Program Files\Java\jdk-12.0.2\bin\jimage.dll

dbghelp: loaded successfully - version: 4.0.5 - missing functions: none
symbol engine: initialized successfully - sym options: 0x614 - pdb path: .;C:\Program Files\Java\jdk-12.0.2\bin;C:\WINDOWS\SYSTEM32;C:\WINDOWS\WinSxS\amd64_microsoft.windows.common-controls_6595b64144ccf1df_6.0.18362.476_none_e6c4b11b130f2595;C:\Program Files\Java\jdk-12.0.2\bin\server

VM Arguments:
jvm_args: -Dfile.encoding=MS949 
java_command: BorderTest
java_class_path (initial): C:\Users\benjamin\eclipse-workspace\MySQL_Connection\bin;C:\Users\benjamin\Downloads\mysql-connector-java-8.0.18\mysql-connector-java-8.0.18\mysql-connector-java-8.0.18.jar
Launcher Type: SUN_STANDARD

[Global flags]
     intx CICompilerCount                          = 3                                         {product} {ergonomic}
     uint ConcGCThreads                            = 1                                         {product} {ergonomic}
     uint G1ConcRefinementThreads                  = 4                                         {product} {ergonomic}
   size_t G1HeapRegionSize                         = 1048576                                   {product} {ergonomic}
    uintx GCDrainStackTargetSize                   = 64                                        {product} {ergonomic}
   size_t InitialHeapSize                          = 132120576                                 {product} {ergonomic}
   size_t MarkStackSize                            = 4194304                                   {product} {ergonomic}
   size_t MaxHeapSize                              = 2111832064                                {product} {ergonomic}
   size_t MinHeapDeltaBytes                        = 1048576                                   {product} {ergonomic}
    uintx NonNMethodCodeHeapSize                   = 5830732                                {pd product} {ergonomic}
    uintx NonProfiledCodeHeapSize                  = 122913754                              {pd product} {ergonomic}
    uintx ProfiledCodeHeapSize                     = 122913754                              {pd product} {ergonomic}
    uintx ReservedCodeCacheSize                    = 251658240                              {pd product} {ergonomic}
     bool SegmentedCodeCache                       = true                                      {product} {ergonomic}
     bool UseCompressedClassPointers               = true                                 {lp64_product} {ergonomic}
     bool UseCompressedOops                        = true                                 {lp64_product} {ergonomic}
     bool UseG1GC                                  = true                                      {product} {ergonomic}
     bool UseLargePagesIndividualAllocation        = false                                  {pd product} {ergonomic}

Logging:
Log output configuration:
 #0: stdout all=warning uptime,level,tags
 #1: stderr all=off uptime,level,tags

Environment Variables:
JAVA_HOME=C:\Program Files\Java\jdk-12.0.2
PATH=C:/Program Files/Java/jdk-12.0.2/bin/server;C:/Program Files/Java/jdk-12.0.2/bin;C:\Program Files (x86)\Intel\iCLS Client\;C:\Program Files\Intel\iCLS Client\;C:\Windows\system32;C:\Windows;C:\Windows\System32\Wbem;C:\Windows\System32\WindowsPowerShell\v1.0\;C:\Program Files (x86)\Intel\Intel(R) Management Engine Components\DAL;C:\Program Files\Intel\Intel(R) Management Engine Components\DAL;C:\Program Files (x86)\Intel\Intel(R) Management Engine Components\IPT;C:\Program Files\Intel\Intel(R) Management Engine Components\IPT;C:\Program Files\Intel\WiFi\bin\;C:\Program Files\Common Files\Intel\WirelessCommon\;C:\Program Files (x86)\NVIDIA Corporation\PhysX\Common;C:\WINDOWS\system32;C:\WINDOWS;C:\WINDOWS\System32\Wbem;C:\WINDOWS\System32\WindowsPowerShell\v1.0\;C:\WINDOWS\System32\OpenSSH\;C:\Program Files\Java\jdk-12.0.2\bin;C:\Program Files\MySQL\MySQL Utilities 1.6\;;C:\Users\benjamin\AppData\Local\Programs\Microsoft VS Code\bin;C:\WINDOWS\system32;
USERNAME=benjamin
OS=Windows_NT
PROCESSOR_IDENTIFIER=Intel64 Family 6 Model 78 Stepping 3, GenuineIntel



---------------  S Y S T E M  ---------------

OS: Windows 10 , 64 bit Build 18362 (10.0.18362.329)

CPU:total 4 (initial active 4) (2 cores per cpu, 2 threads per core) family 6 model 78 stepping 3, cmov, cx8, fxsr, mmx, sse, sse2, sse3, ssse3, sse4.1, sse4.2, popcnt, avx, avx2, aes, clmul, erms, 3dnowpref, lzcnt, ht, tsc, tscinvbit, bmi1, bmi2, adx, fma

Memory: 4k page, system-wide physical 8055M (1380M free)
TotalPageFile size 21605M (AvailPageFile size 7M)
current process WorkingSet (physical memory assigned to process): 10M, peak: 10M
current process commit charge ("private bytes"): 52M, peak: 177M

vm_info: Java HotSpot(TM) 64-Bit Server VM (12.0.2+10) for windows-amd64 JRE (12.0.2+10), built on Jul 16 2019 01:56:17 by "mach5one" with MS VC++ 15.5 (VS2017)

END.
